[09-10-2020 17:03:55] - Пиздяу in C:\Soft\OpenServer\domains\localhost\new.local\inc\bottom.inc.php:4

[09-10-2020 17:03:58] - Пиздяу in C:\Soft\OpenServer\domains\localhost\new.local\inc\bottom.inc.php:4

[09-10-2020 17:03:59] - Пиздяу in C:\Soft\OpenServer\domains\localhost\new.local\inc\bottom.inc.php:4

[09-10-2020 17:04:01] - Пиздяу in C:\Soft\OpenServer\domains\localhost\new.local\inc\bottom.inc.php:4

[09-10-2020 17:04:03] - Пиздяу in C:\Soft\OpenServer\domains\localhost\new.local\inc\bottom.inc.php:4

[09-10-2020 17:06:42] - Undefined variable: leftMenu in C:\Soft\OpenServer\domains\localhost\new.local\inc\menu.inc.php:4

[09-10-2020 17:06:42] - Undefined variable: leftMenu in C:\Soft\OpenServer\domains\localhost\new.local\inc\bottom.inc.php:3

[09-10-2020 17:06:42] - Пиздяу in C:\Soft\OpenServer\domains\localhost\new.local\inc\bottom.inc.php:4

[09-10-2020 17:10:01] - Undefined variable: leftMenu in C:\Soft\OpenServer\domains\localhost\new.local\inc\menu.inc.php:4

[09-10-2020 17:10:01] - Undefined variable: leftMenu in C:\Soft\OpenServer\domains\localhost\new.local\inc\bottom.inc.php:3

[09-10-2020 17:10:01] - Пиздяу in C:\Soft\OpenServer\domains\localhost\new.local\inc\bottom.inc.php:4

[09-10-2020 17:10:55] - Undefined variable: leftMenu in C:\Soft\OpenServer\domains\localhost\new.local\inc\menu.inc.php:4

[09-10-2020 17:10:55] - Use of undefined constant ERR_LEFT_MENU - assumed 'ERR_LEFT_MENU' in C:\Soft\OpenServer\domains\localhost\new.local\inc\menu.inc.php:5

[09-10-2020 17:10:55] - Undefined variable: leftMenu in C:\Soft\OpenServer\domains\localhost\new.local\inc\bottom.inc.php:3

[09-10-2020 17:10:55] - Use of undefined constant ERR_LEFT_MENU - assumed 'ERR_LEFT_MENU' in C:\Soft\OpenServer\domains\localhost\new.local\inc\bottom.inc.php:4

[09-10-2020 17:10:55] - ERR_LEFT_MENU in C:\Soft\OpenServer\domains\localhost\new.local\inc\bottom.inc.php:4

[09-10-2020 17:12:41] - Undefined variable: leftMenu in C:\Soft\OpenServer\domains\localhost\new.local\inc\menu.inc.php:4

[09-10-2020 17:12:41] - Undefined variable: leftMenu in C:\Soft\OpenServer\domains\localhost\new.local\inc\bottom.inc.php:3

[09-10-2020 17:12:41] - Пиздяу in C:\Soft\OpenServer\domains\localhost\new.local\inc\bottom.inc.php:4

[09-10-2020 17:12:43] - Undefined variable: leftMenu in C:\Soft\OpenServer\domains\localhost\new.local\inc\menu.inc.php:4

[09-10-2020 17:12:43] - Undefined variable: leftMenu in C:\Soft\OpenServer\domains\localhost\new.local\inc\bottom.inc.php:3

[09-10-2020 17:12:43] - Пиздяу in C:\Soft\OpenServer\domains\localhost\new.local\inc\bottom.inc.php:4

[09-10-2020 17:15:49] - Undefined variable: leftMenu in C:\Soft\OpenServer\domains\localhost\new.local\inc\menu.inc.php:4

[09-10-2020 17:15:49] - Пиздяу in C:\Soft\OpenServer\domains\localhost\new.local\inc\menu.inc.php:5

[09-10-2020 17:15:49] - Undefined variable: leftMenu in C:\Soft\OpenServer\domains\localhost\new.local\inc\bottom.inc.php:3

[09-10-2020 17:15:49] - Пиздяу in C:\Soft\OpenServer\domains\localhost\new.local\inc\bottom.inc.php:4

[09-10-2020 17:15:51] - Undefined variable: leftMenu in C:\Soft\OpenServer\domains\localhost\new.local\inc\menu.inc.php:4

[09-10-2020 17:15:51] - Пиздяу in C:\Soft\OpenServer\domains\localhost\new.local\inc\menu.inc.php:5

[09-10-2020 17:15:51] - Undefined variable: leftMenu in C:\Soft\OpenServer\domains\localhost\new.local\inc\bottom.inc.php:3

[09-10-2020 17:15:51] - Пиздяу in C:\Soft\OpenServer\domains\localhost\new.local\inc\bottom.inc.php:4

[09-10-2020 17:16:03] - Undefined variable: leftMenu in C:\Soft\OpenServer\domains\localhost\new.local\inc\menu.inc.php:4

[09-10-2020 17:16:03] - Use of undefined constant ERR_LEFT_MENU - assumed 'ERR_LEFT_MENU' in C:\Soft\OpenServer\domains\localhost\new.local\inc\menu.inc.php:5

[09-10-2020 17:16:03] - ERR_LEFT_MENU in C:\Soft\OpenServer\domains\localhost\new.local\inc\menu.inc.php:5

[09-10-2020 17:16:03] - Undefined variable: leftMenu in C:\Soft\OpenServer\domains\localhost\new.local\inc\bottom.inc.php:3

[09-10-2020 17:16:03] - Use of undefined constant ERR_LEFT_MENU - assumed 'ERR_LEFT_MENU' in C:\Soft\OpenServer\domains\localhost\new.local\inc\bottom.inc.php:4

[09-10-2020 17:16:03] - ERR_LEFT_MENU in C:\Soft\OpenServer\domains\localhost\new.local\inc\bottom.inc.php:4

[09-10-2020 17:19:01] - Undefined variable: leftMenu in C:\Soft\OpenServer\domains\localhost\new.local\inc\menu.inc.php:4

[09-10-2020 17:19:01] - Пиздяу in C:\Soft\OpenServer\domains\localhost\new.local\inc\menu.inc.php:5

[09-10-2020 17:19:01] - Undefined variable: leftMenu in C:\Soft\OpenServer\domains\localhost\new.local\inc\bottom.inc.php:3

[09-10-2020 17:19:01] - Пиздяу in C:\Soft\OpenServer\domains\localhost\new.local\inc\bottom.inc.php:4

[09-10-2020 17:35:28] - Undefined variable: leftMenu in C:\Soft\OpenServer\domains\localhost\new.local\inc\menu.inc.php:4

[09-10-2020 17:35:28] - Пиздяу in C:\Soft\OpenServer\domains\localhost\new.local\inc\menu.inc.php:5

[09-10-2020 17:35:28] - Undefined variable: leftMenu in C:\Soft\OpenServer\domains\localhost\new.local\inc\bottom.inc.php:3

[09-10-2020 17:35:28] - Пиздяу in C:\Soft\OpenServer\domains\localhost\new.local\inc\bottom.inc.php:4

[15-10-2020 19:30:09] - Undefined variable: cols in C:\Soft\OpenServer\domains\localhost\new.local\table.php:8

[15-10-2020 19:30:09] - Undefined variable: rows in C:\Soft\OpenServer\domains\localhost\new.local\table.php:9

[15-10-2020 19:30:09] - Undefined variable: color in C:\Soft\OpenServer\domains\localhost\new.local\table.php:10

[15-10-2020 19:31:19] - Undefined variable: cols in C:\Soft\OpenServer\domains\localhost\new.local\table.php:8

[15-10-2020 19:31:19] - Undefined variable: rows in C:\Soft\OpenServer\domains\localhost\new.local\table.php:9

[15-10-2020 19:31:19] - Undefined variable: color in C:\Soft\OpenServer\domains\localhost\new.local\table.php:10

[15-10-2020 19:34:23] - Undefined variable: cols in C:\Soft\OpenServer\domains\localhost\new.local\table.php:8

[15-10-2020 19:34:23] - Undefined variable: rows in C:\Soft\OpenServer\domains\localhost\new.local\table.php:9

[15-10-2020 19:34:23] - Undefined variable: color in C:\Soft\OpenServer\domains\localhost\new.local\table.php:10

[16-10-2020 17:03:15] - Undefined variable: cols in C:\Soft\OpenServer\domains\localhost\new.local\table.php:8

[16-10-2020 17:03:15] - Undefined variable: rows in C:\Soft\OpenServer\domains\localhost\new.local\table.php:9

[16-10-2020 17:03:15] - Undefined variable: color in C:\Soft\OpenServer\domains\localhost\new.local\table.php:10

[16-10-2020 17:03:52] - Undefined variable: cols in C:\Soft\OpenServer\domains\localhost\new.local\table.php:8

[16-10-2020 17:03:52] - Undefined variable: rows in C:\Soft\OpenServer\domains\localhost\new.local\table.php:9

[16-10-2020 17:03:52] - Undefined variable: color in C:\Soft\OpenServer\domains\localhost\new.local\table.php:10

[16-10-2020 17:04:25] - Undefined variable: cols in C:\Soft\OpenServer\domains\localhost\new.local\table.php:8

[16-10-2020 17:04:25] - Undefined variable: rows in C:\Soft\OpenServer\domains\localhost\new.local\table.php:9

[16-10-2020 17:04:25] - Undefined variable: color in C:\Soft\OpenServer\domains\localhost\new.local\table.php:10

[16-10-2020 17:04:35] - Undefined variable: cols in C:\Soft\OpenServer\domains\localhost\new.local\table.php:8

[16-10-2020 17:04:35] - Undefined variable: rows in C:\Soft\OpenServer\domains\localhost\new.local\table.php:9

[16-10-2020 17:04:35] - Undefined variable: color in C:\Soft\OpenServer\domains\localhost\new.local\table.php:10

[16-10-2020 17:14:34] - Undefined variable: num1 in C:\Soft\OpenServer\domains\localhost\new.local\calc.php:8

[16-10-2020 17:14:34] - Undefined variable: num2 in C:\Soft\OpenServer\domains\localhost\new.local\calc.php:8

[16-10-2020 17:32:13] - Undefined variable: operator in C:\Soft\OpenServer\domains\localhost\new.local\calc.php:9

[16-10-2020 17:32:13] - Undefined variable: operator in C:\Soft\OpenServer\domains\localhost\new.local\calc.php:12

[16-10-2020 17:32:13] - Undefined variable: operator in C:\Soft\OpenServer\domains\localhost\new.local\calc.php:15

[16-10-2020 17:32:13] - Undefined variable: operator in C:\Soft\OpenServer\domains\localhost\new.local\calc.php:18

[20-10-2020 17:17:09] - Undefined variable: num1 in C:\Soft\OpenServer\domains\localhost\new.local\calc.php:10

[20-10-2020 17:17:09] - Undefined variable: num1 in C:\Soft\OpenServer\domains\localhost\new.local\calc.php:33

[20-10-2020 17:17:09] - Undefined variable: num2 in C:\Soft\OpenServer\domains\localhost\new.local\calc.php:35

[20-10-2020 17:17:09] - Undefined variable: num2 in C:\Soft\OpenServer\domains\localhost\new.local\calc.php:35

[20-10-2020 17:17:09] - Undefined index: num1 in C:\Soft\OpenServer\domains\localhost\new.local\calc.php:42

[20-10-2020 17:17:09] - Undefined index: operator in C:\Soft\OpenServer\domains\localhost\new.local\calc.php:46

[20-10-2020 17:17:09] - Undefined index: num2 in C:\Soft\OpenServer\domains\localhost\new.local\calc.php:50

[20-10-2020 17:17:34] - Undefined variable: num1 in C:\Soft\OpenServer\domains\localhost\new.local\calc.php:10

[20-10-2020 17:17:34] - Undefined variable: num1 in C:\Soft\OpenServer\domains\localhost\new.local\calc.php:33

[20-10-2020 17:17:34] - Undefined index: num1 in C:\Soft\OpenServer\domains\localhost\new.local\calc.php:41

[20-10-2020 17:17:34] - Undefined index: operator in C:\Soft\OpenServer\domains\localhost\new.local\calc.php:45

[20-10-2020 17:17:34] - Undefined index: num2 in C:\Soft\OpenServer\domains\localhost\new.local\calc.php:49

